Arguments: 
  C:\Program Files\nodejs\node.exe C:\Program Files\nodejs\node_modules\yarn\bin\yarn.js add express

PATH: 
  C:\Program Files\Lapce\;C:\Program Files\Common Files\Oracle\Java\javapath;C:\WINDOWS\system32;C:\WINDOWS;C:\WINDOWS\System32\Wbem;C:\WINDOWS\System32\WindowsPowerShell\v1.0\;C:\WINDOWS\System32\OpenSSH\;C:\Program Files (x86)\NVIDIA Corporation\PhysX\Common;C:\ProgramData\chocolatey\bin;C:\Program Files\dotnet\;C:\Program Files\Microsoft SQL Server\150\Tools\Binn\;C:\Users\Gnez\AppData\Roaming\nvm;C:\Program Files\nodejs;C:\Program Files\Git\cmd;C:\Program Files\AutoFirma\AutoFirma;C:\Program Files\NVIDIA Corporation\NVIDIA NvDLISR;C:\Program Files\Docker\Docker\resources\bin;C:\Users\Gnez\.console-ninja\.bin;C:\Users\Gnez\.cargo\bin;C:\Users\Gnez\AppData\Local\Programs\Python\Python310\Scripts\;C:\Users\Gnez\AppData\Local\Programs\Python\Python310\;C:\Users\Gnez\AppData\Local\Microsoft\WindowsApps;C:\Users\Gnez\AppData\Roaming\npm;C:\Users\Gnez\AppData\Local\Programs\oh-my-posh\bin;C:\Users\Gnez\AppData\Local\Programs\Microsoft VS Code\bin;C:\Users\Gnez\.dotnet\tools;C:\Users\Gnez\AppData\Roaming\nvm;C:\Program Files\nodejs;C:\tools\neovim\nvim-win64\bin;C:\MinGW\bin;

Yarn version: 
  1.22.19

Node version: 
  16.17.1

Platform: 
  win32 x64

Trace: 
  Error: getaddrinfo ENOTFOUND registry.yarnpkg.com
      at GetAddrInfoReqWrap.onlookup [as oncomplete] (node:dns:109:26)

npm manifest: 
  {
    "name": "servidor",
    "version": "1.0.0",
    "main": "index.js",
    "scripts": {
      "start": "node index.js"
    },
    "license": "MIT"
  }

yarn manifest: 
  No manifest

Lockfile: 
  No lockfile
